TN:
SF:src/app.ts
FNF:0
FNH:0
DA:8,1
DA:9,1
DA:10,1
DA:12,1
DA:13,1
DA:14,1
DA:16,1
LF:7
LH:7
BRDA:13,0,0,1
BRF:1
BRH:1
end_of_record
TN:
SF:src/database.ts
FNF:0
FNH:0
DA:3,2
DA:4,2
LF:2
LH:2
BRF:0
BRH:0
end_of_record
TN:
SF:src/controllers/recommendationController.ts
FN:6,insert
FN:17,upvote
FN:25,downvote
FN:33,random
FN:39,get
FN:44,getTop
FN:51,getById
FNF:7
FNH:7
FNDA:4,insert
FNDA:2,upvote
FNDA:2,downvote
FNDA:1,random
FNDA:1,get
FNDA:2,getTop
FNDA:2,getById
DA:7,4
DA:8,4
DA:9,2
DA:12,2
DA:14,1
DA:18,2
DA:20,2
DA:22,1
DA:26,2
DA:28,2
DA:30,1
DA:34,1
DA:36,1
DA:40,1
DA:41,1
DA:45,2
DA:47,2
DA:48,2
DA:52,2
DA:54,2
DA:55,1
DA:58,1
LF:22
LH:22
BRDA:8,0,0,2
BRF:1
BRH:1
end_of_record
TN:
SF:src/controllers/testController.ts
FN:4,clearController
FNF:1
FNH:0
FNDA:0,clearController
DA:5,0
DA:6,0
LF:2
LH:0
BRF:0
BRH:0
end_of_record
TN:
SF:src/middlewares/errorHandlerMiddleware.ts
FN:8,errorHandlerMiddleware
FNF:1
FNH:1
FNDA:6,errorHandlerMiddleware
DA:14,6
DA:16,6
DA:17,6
DA:20,0
LF:4
LH:3
BRDA:16,0,0,6
BRF:1
BRH:1
end_of_record
TN:
SF:src/repositories/recommendationRepository.ts
FN:5,create
FN:16,findAll
FN:26,getAmountByScore
FN:33,getFindAllFilter
FN:45,find
FN:51,findByName
FN:57,updateScore
FN:66,remove
FNF:8
FNH:7
FNDA:1,create
FNDA:3,findAll
FNDA:2,getAmountByScore
FNDA:3,getFindAllFilter
FNDA:6,find
FNDA:2,findByName
FNDA:2,updateScore
FNDA:0,remove
DA:6,1
DA:17,3
DA:19,3
DA:27,2
DA:36,3
DA:38,1
DA:40,1
DA:46,6
DA:52,2
DA:58,2
DA:67,0
DA:72,2
LF:12
LH:11
BRDA:36,0,0,2
BRF:1
BRH:1
end_of_record
TN:
SF:src/repositories/testRepository.ts
FN:3,clearRepository
FNF:1
FNH:0
FNDA:0,clearRepository
DA:4,0
LF:1
LH:0
BRF:0
BRH:0
end_of_record
TN:
SF:src/routers/recommendationRouter.ts
FNF:0
FNH:0
DA:4,1
DA:6,1
DA:7,1
DA:8,1
DA:9,1
DA:10,1
DA:11,1
DA:12,1
LF:8
LH:8
BRF:0
BRH:0
end_of_record
TN:
SF:src/routers/testRouter.ts
FNF:0
FNH:0
DA:4,1
DA:6,1
LF:2
LH:2
BRF:0
BRH:0
end_of_record
TN:
SF:src/schemas/recommendationsSchemas.ts
FNF:0
FNH:0
DA:4,1
DA:6,1
LF:2
LH:2
BRF:0
BRH:0
end_of_record
TN:
SF:src/services/recommendationsService.ts
FN:7,insert
FN:17,upvote
FN:23,downvote
FN:37,getByIdOrFail
FN:44,get
FN:48,getTop
FN:52,getRandom
FN:65,getByScore
FN:78,getScoreFilter
FNF:9
FNH:9
FNDA:4,insert
FNDA:4,upvote
FNDA:5,downvote
FNDA:13,getByIdOrFail
FNDA:2,get
FNDA:3,getTop
FNDA:3,getRandom
FNDA:3,getByScore
FNDA:3,getScoreFilter
DA:8,4
DA:11,4
DA:12,2
DA:14,2
DA:18,4
DA:20,2
DA:24,5
DA:26,3
DA:31,3
DA:32,1
DA:33,1
DA:38,13
DA:39,13
DA:41,7
DA:45,2
DA:49,3
DA:53,3
DA:54,3
DA:56,3
DA:57,3
DA:58,1
DA:61,2
DA:62,2
DA:66,3
DA:71,3
DA:72,1
DA:75,2
DA:79,3
DA:80,2
DA:83,1
DA:86,2
LF:31
LH:31
BRDA:11,0,0,2
BRDA:31,1,0,1
BRDA:39,2,0,6
BRDA:57,3,0,1
BRDA:71,4,0,1
BRDA:79,5,0,2
BRF:6
BRH:6
end_of_record
TN:
SF:src/services/testService.ts
FN:3,clearService
FNF:1
FNH:0
FNDA:0,clearService
DA:4,0
LF:1
LH:0
BRF:0
BRH:0
end_of_record
TN:
SF:src/utils/errorUtils.ts
FN:7,isAppError
FN:11,errorTypeToStatusCode
FN:19,conflictError
FN:23,notFoundError
FN:27,unauthorizedError
FN:31,wrongSchemaError
FNF:6
FNH:5
FNDA:6,isAppError
FNDA:6,errorTypeToStatusCode
FNDA:2,conflictError
FNDA:7,notFoundError
FNDA:0,unauthorizedError
FNDA:2,wrongSchemaError
DA:8,6
DA:12,6
DA:13,5
DA:14,2
DA:15,2
DA:16,0
DA:20,2
DA:24,7
DA:28,0
DA:32,2
LF:10
LH:8
BRDA:12,0,0,1
BRDA:13,1,0,3
BRDA:14,2,0,0
BRDA:15,3,0,2
BRDA:20,4,0,2
BRDA:20,4,1,0
BRDA:20,5,0,2
BRDA:20,5,1,2
BRDA:24,6,0,0
BRDA:24,6,1,7
BRDA:24,7,0,7
BRDA:24,7,1,7
BRDA:28,8,0,0
BRDA:28,8,1,0
BRDA:28,9,0,0
BRDA:28,9,1,0
BRDA:32,10,0,0
BRDA:32,10,1,2
BRDA:32,11,0,2
BRDA:32,11,1,2
BRF:20
BRH:12
end_of_record
TN:
SF:tests/factories/recomendationsFactory.ts
FN:4,recommendationFactory
FNF:1
FNH:1
FNDA:4,recommendationFactory
DA:5,4
DA:9,4
LF:2
LH:2
BRF:0
BRH:0
end_of_record
